<?xml version="1.0" encoding="UTF-8"?>
<!-- Generated by org.testng.reporters.JUnitXMLReporter -->
<testsuite ignored="1" hostname="DESKTOP-PPOTTOP" failures="0" tests="15" name="Test" time="132.119" errors="0" timestamp="2025-04-05T00:08:29 IST">
  <testcase classname="tests.LoginTest" name="verifyUrlPage" time="0.032"/>
  <testcase classname="tests.LoginTest" name="verifyLoginPageIsDisplayed" time="0.757"/>
  <testcase classname="tests.LoginTest" name="loginWithInvalidCredential" time="2.692"/>
  <testcase classname="tests.LoginTest" name="loginTestWithValidCredential" time="2.197"/>
  <testcase classname="tests.PimTest" name="verifyPimPageTitle" time="5.17"/>
  <testcase classname="tests.PimTest" name="verifyIdCheckBoxIsSelected" time="0.582"/>
  <testcase classname="tests.PimTest" name="verifyAddEmployee" time="7.429"/>
  <testcase classname="orangeHRMDemo.OrangeHRMTests" name="loginWithInvalidCredential" time="2.816"/>
  <testcase classname="orangeHRMDemo.OrangeHRMTests" name="loginTestWithValidCredential" time="7.398"/>
  <testcase classname="orangeHRMDemo.OrangeHRMTests" name="addEmployee" time="21.986"/>
  <testcase classname="orangeHRMDemo.OrangeHRMTests" name="searchEmployeeNyName" time="9.272"/>
  <testcase classname="orangeHRMDemo.OrangeHRMTests" name="searchEmployeeById" time="8.234"/>
  <testcase classname="orangeHRMDemo.OrangeHRMTests" name="fileUpload" time="16.255"/>
  <testcase classname="orangeHRMDemo.OrangeHRMTests" name="deleteEmployee" time="11.031"/>
  <testcase classname="orangeHRMDemo.OrangeHRMTests" name="ListOfEmployeesPrint" time="12.556"/>
  <testcase classname="orangeHRMDemo.OrangeHRMTests" name="applyLeave" time="0.0">
    <ignored/>
  </testcase> <!-- applyLeave -->
</testsuite> <!-- Test -->
