<?xml version="1.0" encoding="UTF-8"?>
<testng-results ignored="1" total="9" passed="8" failed="0" skipped="0">
  <reporter-output>
  </reporter-output>
  <suite started-at="2025-04-04T14:14:01 IST" name="Default suite" finished-at="2025-04-04T14:15:36 IST" duration-ms="95748">
    <groups>
    </groups>
    <test started-at="2025-04-04T14:14:01 IST" name="Default test" finished-at="2025-04-04T14:15:36 IST" duration-ms="95748">
      <class name="orangeHRMDemo.OrangeHRMTests">
        <test-method is-config="true" signature="setup()[pri:0, instance:orangeHRMDemo.OrangeHRMTests@2cd76f31]" started-at="2025-04-04T14:14:01 IST" name="setup" finished-at="2025-04-04T14:14:08 IST" duration-ms="7114" status="PASS">
          <reporter-output>
          </reporter-output>
        </test-method> <!-- setup -->
        <test-method signature="loginWithInvalidCredential()[pri:0, instance:orangeHRMDemo.OrangeHRMTests@2cd76f31]" started-at="2025-04-04T14:14:08 IST" name="loginWithInvalidCredential" finished-at="2025-04-04T14:14:11 IST" duration-ms="3081" status="PASS">
          <reporter-output>
          </reporter-output>
        </test-method> <!-- loginWithInvalidCredential -->
        <test-method signature="loginTestWithValidCredential()[pri:1, instance:orangeHRMDemo.OrangeHRMTests@2cd76f31]" started-at="2025-04-04T14:14:11 IST" name="loginTestWithValidCredential" finished-at="2025-04-04T14:14:16 IST" duration-ms="5380" status="PASS">
          <reporter-output>
          </reporter-output>
        </test-method> <!-- loginTestWithValidCredential -->
        <test-method signature="addEmployee()[pri:2, instance:orangeHRMDemo.OrangeHRMTests@2cd76f31]" started-at="2025-04-04T14:14:16 IST" name="addEmployee" finished-at="2025-04-04T14:14:37 IST" duration-ms="20987" status="PASS">
          <reporter-output>
          </reporter-output>
        </test-method> <!-- addEmployee -->
        <test-method signature="searchEmployeeNyName()[pri:3, instance:orangeHRMDemo.OrangeHRMTests@2cd76f31]" started-at="2025-04-04T14:14:37 IST" name="searchEmployeeNyName" finished-at="2025-04-04T14:14:46 IST" duration-ms="8941" status="PASS">
          <reporter-output>
          </reporter-output>
        </test-method> <!-- searchEmployeeNyName -->
        <test-method signature="searchEmployeeById()[pri:4, instance:orangeHRMDemo.OrangeHRMTests@2cd76f31]" started-at="2025-04-04T14:14:46 IST" name="searchEmployeeById" finished-at="2025-04-04T14:14:54 IST" duration-ms="8326" status="PASS">
          <reporter-output>
          </reporter-output>
        </test-method> <!-- searchEmployeeById -->
        <test-method signature="fileUpload()[pri:5, instance:orangeHRMDemo.OrangeHRMTests@2cd76f31]" started-at="2025-04-04T14:14:54 IST" name="fileUpload" finished-at="2025-04-04T14:15:11 IST" duration-ms="16837" status="PASS">
          <reporter-output>
          </reporter-output>
        </test-method> <!-- fileUpload -->
        <test-method signature="deleteEmployee()[pri:6, instance:orangeHRMDemo.OrangeHRMTests@2cd76f31]" started-at="2025-04-04T14:15:11 IST" name="deleteEmployee" finished-at="2025-04-04T14:15:22 IST" duration-ms="11161" status="PASS">
          <reporter-output>
          </reporter-output>
        </test-method> <!-- deleteEmployee -->
        <test-method signature="ListOfEmployeesPrint()[pri:7, instance:orangeHRMDemo.OrangeHRMTests@2cd76f31]" started-at="2025-04-04T14:15:22 IST" name="ListOfEmployeesPrint" finished-at="2025-04-04T14:15:36 IST" duration-ms="13242" status="PASS">
          <reporter-output>
          </reporter-output>
        </test-method> <!-- ListOfEmployeesPrint -->
        <test-method is-config="true" signature="tearDown()[pri:0, instance:orangeHRMDemo.OrangeHRMTests@2cd76f31]" started-at="2025-04-04T14:15:36 IST" name="tearDown" finished-at="2025-04-04T14:15:36 IST" duration-ms="596" status="PASS">
          <reporter-output>
          </reporter-output>
        </test-method> <!-- tearDown -->
      </class> <!-- orangeHRMDemo.OrangeHRMTests -->
    </test> <!-- Default test -->
  </suite> <!-- Default suite -->
</testng-results>
