<?xml version="1.0" encoding="UTF-8"?>
<testng-results ignored="1" total="3" passed="2" failed="0" skipped="0">
  <reporter-output>
  </reporter-output>
  <suite started-at="2025-03-17T01:08:09 IST" name="Default suite" finished-at="2025-03-17T01:08:30 IST" duration-ms="20714">
    <groups>
    </groups>
    <test started-at="2025-03-17T01:08:09 IST" name="Default test" finished-at="2025-03-17T01:08:30 IST" duration-ms="20714">
      <class name="orangeHRMDemo.OrangeHRMTests">
        <test-method is-config="true" signature="setup()[pri:0, instance:orangeHRMDemo.OrangeHRMTests@2cb4893b]" started-at="2025-03-17T01:08:09 IST" name="setup" finished-at="2025-03-17T01:08:17 IST" duration-ms="7360" status="PASS">
          <reporter-output>
          </reporter-output>
        </test-method> <!-- setup -->
        <test-method signature="loginWithInvalidCredential()[pri:0, instance:orangeHRMDemo.OrangeHRMTests@2cb4893b]" started-at="2025-03-17T01:08:17 IST" name="loginWithInvalidCredential" finished-at="2025-03-17T01:08:20 IST" duration-ms="3418" status="PASS">
          <reporter-output>
          </reporter-output>
        </test-method> <!-- loginWithInvalidCredential -->
        <test-method signature="loginTestWithValidCredential()[pri:1, instance:orangeHRMDemo.OrangeHRMTests@2cb4893b]" started-at="2025-03-17T01:08:20 IST" name="loginTestWithValidCredential" finished-at="2025-03-17T01:08:22 IST" duration-ms="1963" status="PASS">
          <reporter-output>
          </reporter-output>
        </test-method> <!-- loginTestWithValidCredential -->
        <test-method is-config="true" signature="tearDown()[pri:0, instance:orangeHRMDemo.OrangeHRMTests@2cb4893b]" started-at="2025-03-17T01:08:22 IST" name="tearDown" finished-at="2025-03-17T01:08:30 IST" duration-ms="7884" status="PASS">
          <reporter-output>
          </reporter-output>
        </test-method> <!-- tearDown -->
      </class> <!-- orangeHRMDemo.OrangeHRMTests -->
    </test> <!-- Default test -->
  </suite> <!-- Default suite -->
</testng-results>
